Analysis & Synthesis report for main
Sun Jun 09 13:49:23 2024
Quartus Prime Version 20.1.0 Build 711 06/05/2020 SJ Lite Edition


---------------------
; Table of Contents ;
---------------------
  1. Legal Notice
  2. Analysis & Synthesis Summary
  3. Analysis & Synthesis Settings
  4. Parallel Compilation
  5. Analysis & Synthesis Source Files Read
  6. Analysis & Synthesis Resource Usage Summary
  7. Analysis & Synthesis Resource Utilization by Entity
  8. General Register Statistics
  9. Port Connectivity Checks: "multiplex7:comb_9"
 10. Port Connectivity Checks: "multiplex6:comb_8"
 11. Port Connectivity Checks: "multiplex5:comb_7"
 12. Port Connectivity Checks: "multiplex2:comb_4"
 13. Analysis & Synthesis Messages



----------------
; Legal Notice ;
----------------
Copyright (C) 2020  Intel Corporation. All rights reserved.
Your use of Intel Corporation's design tools, logic functions 
and other software and tools, and any partner logic 
functions, and any output files from any of the foregoing 
(including device programming or simulation files), and any 
associated documentation or information are expressly subject 
to the terms and conditions of the Intel Program License 
Subscription Agreement, the Intel Quartus Prime License Agreement,
the Intel FPGA IP License Agreement, or other applicable license
agreement, including, without limitation, that your use is for
the sole purpose of programming logic devices manufactured by
Intel and sold by Intel or its authorized distributors.  Please
refer to the applicable agreement for further details, at
https://fpgasoftware.intel.com/eula.



+---------------------------------------------------------------------------+
; Analysis & Synthesis Summary                                              ;
+-----------------------------+---------------------------------------------+
; Analysis & Synthesis Status ; Successful - Sun Jun 09 13:49:23 2024       ;
; Quartus Prime Version       ; 20.1.0 Build 711 06/05/2020 SJ Lite Edition ;
; Revision Name               ; main                                        ;
; Top-level Entity Name       ; main                                        ;
; Family                      ; MAX II                                      ;
; Total logic elements        ; 13                                          ;
; Total pins                  ; 23                                          ;
; Total virtual pins          ; 0                                           ;
; UFM blocks                  ; 0 / 1 ( 0 % )                               ;
+-----------------------------+---------------------------------------------+


+------------------------------------------------------------------------------------------------------------+
; Analysis & Synthesis Settings                                                                              ;
+------------------------------------------------------------------+--------------------+--------------------+
; Option                                                           ; Setting            ; Default Value      ;
+------------------------------------------------------------------+--------------------+--------------------+
; Device                                                           ; EPM240T100C5       ;                    ;
; Top-level entity name                                            ; main               ; main               ;
; Family name                                                      ; MAX II             ; Cyclone V          ;
; Use smart compilation                                            ; Off                ; Off                ;
; Enable parallel Assembler and Timing Analyzer during compilation ; On                 ; On                 ;
; Enable compact report table                                      ; Off                ; Off                ;
; Restructure Multiplexers                                         ; Auto               ; Auto               ;
; Create Debugging Nodes for IP Cores                              ; Off                ; Off                ;
; Preserve fewer node names                                        ; On                 ; On                 ;
; Intel FPGA IP Evaluation Mode                                    ; Enable             ; Enable             ;
; Verilog Version                                                  ; Verilog_2001       ; Verilog_2001       ;
; VHDL Version                                                     ; VHDL_1993          ; VHDL_1993          ;
; State Machine Processing                                         ; Auto               ; Auto               ;
; Safe State Machine                                               ; Off                ; Off                ;
; Extract Verilog State Machines                                   ; On                 ; On                 ;
; Extract VHDL State Machines                                      ; On                 ; On                 ;
; Ignore Verilog initial constructs                                ; Off                ; Off                ;
; Iteration limit for constant Verilog loops                       ; 5000               ; 5000               ;
; Iteration limit for non-constant Verilog loops                   ; 250                ; 250                ;
; Add Pass-Through Logic to Inferred RAMs                          ; On                 ; On                 ;
; Infer RAMs from Raw Logic                                        ; On                 ; On                 ;
; Parallel Synthesis                                               ; On                 ; On                 ;
; NOT Gate Push-Back                                               ; On                 ; On                 ;
; Power-Up Don't Care                                              ; On                 ; On                 ;
; Remove Redundant Logic Cells                                     ; Off                ; Off                ;
; Remove Duplicate Registers                                       ; On                 ; On                 ;
; Ignore CARRY Buffers                                             ; Off                ; Off                ;
; Ignore CASCADE Buffers                                           ; Off                ; Off                ;
; Ignore GLOBAL Buffers                                            ; Off                ; Off                ;
; Ignore ROW GLOBAL Buffers                                        ; Off                ; Off                ;
; Ignore LCELL Buffers                                             ; Off                ; Off                ;
; Ignore SOFT Buffers                                              ; On                 ; On                 ;
; Limit AHDL Integers to 32 Bits                                   ; Off                ; Off                ;
; Optimization Technique                                           ; Balanced           ; Balanced           ;
; Carry Chain Length                                               ; 70                 ; 70                 ;
; Auto Carry Chains                                                ; On                 ; On                 ;
; Auto Open-Drain Pins                                             ; On                 ; On                 ;
; Perform WYSIWYG Primitive Resynthesis                            ; Off                ; Off                ;
; Auto Shift Register Replacement                                  ; Auto               ; Auto               ;
; Allow Shift Register Merging across Hierarchies                  ; Auto               ; Auto               ;
; Auto Clock Enable Replacement                                    ; On                 ; On                 ;
; Allow Synchronous Control Signals                                ; On                 ; On                 ;
; Force Use of Synchronous Clear Signals                           ; Off                ; Off                ;
; Auto Resource Sharing                                            ; Off                ; Off                ;
; Use LogicLock Constraints during Resource Balancing              ; On                 ; On                 ;
; Ignore translate_off and synthesis_off directives                ; Off                ; Off                ;
; Report Parameter Settings                                        ; On                 ; On                 ;
; Report Source Assignments                                        ; On                 ; On                 ;
; Report Connectivity Checks                                       ; On                 ; On                 ;
; Ignore Maximum Fan-Out Assignments                               ; Off                ; Off                ;
; Synchronization Register Chain Length                            ; 2                  ; 2                  ;
; Power Optimization During Synthesis                              ; Normal compilation ; Normal compilation ;
; HDL message level                                                ; Level2             ; Level2             ;
; Suppress Register Optimization Related Messages                  ; Off                ; Off                ;
; Number of Removed Registers Reported in Synthesis Report         ; 5000               ; 5000               ;
; Number of Swept Nodes Reported in Synthesis Report               ; 5000               ; 5000               ;
; Number of Inverted Registers Reported in Synthesis Report        ; 100                ; 100                ;
; Clock MUX Protection                                             ; On                 ; On                 ;
; Block Design Naming                                              ; Auto               ; Auto               ;
; Synthesis Effort                                                 ; Auto               ; Auto               ;
; Shift Register Replacement - Allow Asynchronous Clear Signal     ; On                 ; On                 ;
; Analysis & Synthesis Message Level                               ; Medium             ; Medium             ;
; Disable Register Merging Across Hierarchies                      ; Auto               ; Auto               ;
+------------------------------------------------------------------+--------------------+--------------------+


+------------------------------------------+
; Parallel Compilation                     ;
+----------------------------+-------------+
; Processors                 ; Number      ;
+----------------------------+-------------+
; Number detected on machine ; 12          ;
; Maximum allowed            ; 12          ;
;                            ;             ;
; Average used               ; 1.00        ;
; Maximum used               ; 1           ;
;                            ;             ;
; Usage by Processor         ; % Time Used ;
;     Processor 1            ; 100.0%      ;
+----------------------------+-------------+


+---------------------------------------------------------------------------------------------------------------------------------------------------------------+
; Analysis & Synthesis Source Files Read                                                                                                                        ;
+----------------------------------+-----------------+------------------------+-----------------------------------------------------------------------+---------+
; File Name with User-Entered Path ; Used in Netlist ; File Type              ; File Name with Absolute Path                                          ; Library ;
+----------------------------------+-----------------+------------------------+-----------------------------------------------------------------------+---------+
; display_caixa.v                  ; yes             ; User Verilog HDL File  ; C:/Users/david/Downloads/main_Tamillycosta_David/main/display_caixa.v ;         ;
; main.v                           ; yes             ; User Verilog HDL File  ; C:/Users/david/Downloads/main_Tamillycosta_David/main/main.v          ;         ;
; caixa_agua.v                     ; yes             ; User Verilog HDL File  ; C:/Users/david/Downloads/main_Tamillycosta_David/main/caixa_agua.v    ;         ;
; irrigacao.v                      ; yes             ; User Verilog HDL File  ; C:/Users/david/Downloads/main_Tamillycosta_David/main/irrigacao.v     ;         ;
; display.v                        ; yes             ; User Verilog HDL File  ; C:/Users/david/Downloads/main_Tamillycosta_David/main/display.v       ;         ;
; multiplex.v                      ; yes             ; User Verilog HDL File  ; C:/Users/david/Downloads/main_Tamillycosta_David/main/multiplex.v     ;         ;
; multiplex2.v                     ; yes             ; User Verilog HDL File  ; C:/Users/david/Downloads/main_Tamillycosta_David/main/multiplex2.v    ;         ;
; multiplex3.v                     ; yes             ; User Verilog HDL File  ; C:/Users/david/Downloads/main_Tamillycosta_David/main/multiplex3.v    ;         ;
; multiplex4.v                     ; yes             ; User Verilog HDL File  ; C:/Users/david/Downloads/main_Tamillycosta_David/main/multiplex4.v    ;         ;
; multiplex5.v                     ; yes             ; User Verilog HDL File  ; C:/Users/david/Downloads/main_Tamillycosta_David/main/multiplex5.v    ;         ;
; multiplex6.v                     ; yes             ; User Verilog HDL File  ; C:/Users/david/Downloads/main_Tamillycosta_David/main/multiplex6.v    ;         ;
; multiplex7.v                     ; yes             ; User Verilog HDL File  ; C:/Users/david/Downloads/main_Tamillycosta_David/main/multiplex7.v    ;         ;
+----------------------------------+-----------------+------------------------+-----------------------------------------------------------------------+---------+


+-----------------------------------------------------+
; Analysis & Synthesis Resource Usage Summary         ;
+---------------------------------------------+-------+
; Resource                                    ; Usage ;
+---------------------------------------------+-------+
; Total logic elements                        ; 13    ;
;     -- Combinational with no register       ; 13    ;
;     -- Register only                        ; 0     ;
;     -- Combinational with a register        ; 0     ;
;                                             ;       ;
; Logic element usage by number of LUT inputs ;       ;
;     -- 4 input functions                    ; 5     ;
;     -- 3 input functions                    ; 7     ;
;     -- 2 input functions                    ; 1     ;
;     -- 1 input functions                    ; 0     ;
;     -- 0 input functions                    ; 0     ;
;                                             ;       ;
; Logic elements by mode                      ;       ;
;     -- normal mode                          ; 13    ;
;     -- arithmetic mode                      ; 0     ;
;     -- qfbk mode                            ; 0     ;
;     -- register cascade mode                ; 0     ;
;     -- synchronous clear/load mode          ; 0     ;
;     -- asynchronous clear/load mode         ; 0     ;
;                                             ;       ;
; Total registers                             ; 0     ;
; I/O pins                                    ; 23    ;
; Maximum fan-out node                        ; Media ;
; Maximum fan-out                             ; 9     ;
; Total fan-out                               ; 56    ;
; Average fan-out                             ; 1.56  ;
+---------------------------------------------+-------+


+------------------------------------------------------------------------------------------------------------------------------------------------------------------------------------------------------------------------------------------------+
; Analysis & Synthesis Resource Utilization by Entity                                                                                                                                                                                            ;
+------------------------------+-------------+--------------+------------+------+--------------+--------------+-------------------+------------------+-----------------+------------+-------------------------------+-------------+--------------+
; Compilation Hierarchy Node   ; Logic Cells ; LC Registers ; UFM Blocks ; Pins ; Virtual Pins ; LUT-Only LCs ; Register-Only LCs ; LUT/Register LCs ; Carry Chain LCs ; Packed LCs ; Full Hierarchy Name           ; Entity Name ; Library Name ;
+------------------------------+-------------+--------------+------------+------+--------------+--------------+-------------------+------------------+-----------------+------------+-------------------------------+-------------+--------------+
; |main                        ; 13 (0)      ; 0            ; 0          ; 23   ; 0            ; 13 (0)       ; 0 (0)             ; 0 (0)            ; 0 (0)           ; 0 (0)      ; |main                         ; main        ; work         ;
;    |caixa_agua:dut_caixa|    ; 4 (4)       ; 0            ; 0          ; 0    ; 0            ; 4 (4)        ; 0 (0)             ; 0 (0)            ; 0 (0)           ; 0 (0)      ; |main|caixa_agua:dut_caixa    ; caixa_agua  ; work         ;
;    |irrigacao:dut_irrigacao| ; 3 (3)       ; 0            ; 0          ; 0    ; 0            ; 3 (3)        ; 0 (0)             ; 0 (0)            ; 0 (0)           ; 0 (0)      ; |main|irrigacao:dut_irrigacao ; irrigacao   ; work         ;
;    |multiplex2:comb_4|       ; 1 (1)       ; 0            ; 0          ; 0    ; 0            ; 1 (1)        ; 0 (0)             ; 0 (0)            ; 0 (0)           ; 0 (0)      ; |main|multiplex2:comb_4       ; multiplex2  ; work         ;
;    |multiplex3:comb_5|       ; 2 (2)       ; 0            ; 0          ; 0    ; 0            ; 2 (2)        ; 0 (0)             ; 0 (0)            ; 0 (0)           ; 0 (0)      ; |main|multiplex3:comb_5       ; multiplex3  ; work         ;
;    |multiplex4:comb_6|       ; 1 (1)       ; 0            ; 0          ; 0    ; 0            ; 1 (1)        ; 0 (0)             ; 0 (0)            ; 0 (0)           ; 0 (0)      ; |main|multiplex4:comb_6       ; multiplex4  ; work         ;
;    |multiplex7:comb_9|       ; 1 (1)       ; 0            ; 0          ; 0    ; 0            ; 1 (1)        ; 0 (0)             ; 0 (0)            ; 0 (0)           ; 0 (0)      ; |main|multiplex7:comb_9       ; multiplex7  ; work         ;
;    |multiplex:comb_3|        ; 1 (1)       ; 0            ; 0          ; 0    ; 0            ; 1 (1)        ; 0 (0)             ; 0 (0)            ; 0 (0)           ; 0 (0)      ; |main|multiplex:comb_3        ; multiplex   ; work         ;
+------------------------------+-------------+--------------+------------+------+--------------+--------------+-------------------+------------------+-----------------+------------+-------------------------------+-------------+--------------+
Note: For table entries with two numbers listed, the numbers in parentheses indicate the number of resources of the given type used by the specific entity alone. The numbers listed outside of parentheses indicate the total resources of the given type used by the specific entity and all of its sub-entities in the hierarchy.


+------------------------------------------------------+
; General Register Statistics                          ;
+----------------------------------------------+-------+
; Statistic                                    ; Value ;
+----------------------------------------------+-------+
; Total registers                              ; 0     ;
; Number of registers using Synchronous Clear  ; 0     ;
; Number of registers using Synchronous Load   ; 0     ;
; Number of registers using Asynchronous Clear ; 0     ;
; Number of registers using Asynchronous Load  ; 0     ;
; Number of registers using Clock Enable       ; 0     ;
; Number of registers using Preset             ; 0     ;
+----------------------------------------------+-------+


+-----------------------------------------------+
; Port Connectivity Checks: "multiplex7:comb_9" ;
+------+-------+----------+---------------------+
; Port ; Type  ; Severity ; Details             ;
+------+-------+----------+---------------------+
; B    ; Input ; Info     ; Stuck at GND        ;
+------+-------+----------+---------------------+


+-----------------------------------------------+
; Port Connectivity Checks: "multiplex6:comb_8" ;
+------+-------+----------+---------------------+
; Port ; Type  ; Severity ; Details             ;
+------+-------+----------+---------------------+
; B    ; Input ; Info     ; Stuck at GND        ;
+------+-------+----------+---------------------+


+-----------------------------------------------+
; Port Connectivity Checks: "multiplex5:comb_7" ;
+------+-------+----------+---------------------+
; Port ; Type  ; Severity ; Details             ;
+------+-------+----------+---------------------+
; B    ; Input ; Info     ; Stuck at GND        ;
+------+-------+----------+---------------------+


+-----------------------------------------------+
; Port Connectivity Checks: "multiplex2:comb_4" ;
+------+-------+----------+---------------------+
; Port ; Type  ; Severity ; Details             ;
+------+-------+----------+---------------------+
; B    ; Input ; Info     ; Stuck at GND        ;
+------+-------+----------+---------------------+


+-------------------------------+
; Analysis & Synthesis Messages ;
+-------------------------------+
Info: *******************************************************************
Info: Running Quartus Prime Analysis & Synthesis
    Info: Version 20.1.0 Build 711 06/05/2020 SJ Lite Edition
    Info: Processing started: Sun Jun 09 13:49:07 2024
Info: Command: quartus_map --read_settings_files=on --write_settings_files=off main -c main
Warning (18236): Number of processors has not been specified which may cause overloading on shared machines.  Set the global assignment NUM_PARALLEL_PROCESSORS in your QSF to an appropriate value for best performance.
Info (20030): Parallel compilation is enabled and will use 12 of the 12 processors detected
Info (12021): Found 1 design units, including 1 entities, in source file display_caixa.v
    Info (12023): Found entity 1: display_caixa File: C:/Users/david/Downloads/main_Tamillycosta_David/main/display_caixa.v Line: 1
Warning (10275): Verilog HDL Module Instantiation warning at main.v(58): ignored dangling comma in List of Port Connections File: C:/Users/david/Downloads/main_Tamillycosta_David/main/main.v Line: 58
Info (12021): Found 1 design units, including 1 entities, in source file main.v
    Info (12023): Found entity 1: main File: C:/Users/david/Downloads/main_Tamillycosta_David/main/main.v Line: 1
Info (12021): Found 1 design units, including 1 entities, in source file caixa_agua.v
    Info (12023): Found entity 1: caixa_agua File: C:/Users/david/Downloads/main_Tamillycosta_David/main/caixa_agua.v Line: 1
Info (12021): Found 1 design units, including 1 entities, in source file irrigacao.v
    Info (12023): Found entity 1: irrigacao File: C:/Users/david/Downloads/main_Tamillycosta_David/main/irrigacao.v Line: 1
Info (12021): Found 1 design units, including 1 entities, in source file display.v
    Info (12023): Found entity 1: display File: C:/Users/david/Downloads/main_Tamillycosta_David/main/display.v Line: 1
Info (12021): Found 1 design units, including 1 entities, in source file multiplex.v
    Info (12023): Found entity 1: multiplex File: C:/Users/david/Downloads/main_Tamillycosta_David/main/multiplex.v Line: 1
Info (12021): Found 1 design units, including 1 entities, in source file multiplex2.v
    Info (12023): Found entity 1: multiplex2 File: C:/Users/david/Downloads/main_Tamillycosta_David/main/multiplex2.v Line: 1
Info (12021): Found 1 design units, including 1 entities, in source file multiplex3.v
    Info (12023): Found entity 1: multiplex3 File: C:/Users/david/Downloads/main_Tamillycosta_David/main/multiplex3.v Line: 1
Info (12021): Found 1 design units, including 1 entities, in source file multiplex4.v
    Info (12023): Found entity 1: multiplex4 File: C:/Users/david/Downloads/main_Tamillycosta_David/main/multiplex4.v Line: 1
Info (12021): Found 1 design units, including 1 entities, in source file multiplex5.v
    Info (12023): Found entity 1: multiplex5 File: C:/Users/david/Downloads/main_Tamillycosta_David/main/multiplex5.v Line: 1
Info (12021): Found 1 design units, including 1 entities, in source file multiplex6.v
    Info (12023): Found entity 1: multiplex6 File: C:/Users/david/Downloads/main_Tamillycosta_David/main/multiplex6.v Line: 1
Info (12021): Found 1 design units, including 1 entities, in source file multiplex7.v
    Info (12023): Found entity 1: multiplex7 File: C:/Users/david/Downloads/main_Tamillycosta_David/main/multiplex7.v Line: 1
Critical Warning (10846): Verilog HDL Instantiation warning at main.v(66): instance has no name File: C:/Users/david/Downloads/main_Tamillycosta_David/main/main.v Line: 66
Critical Warning (10846): Verilog HDL Instantiation warning at main.v(73): instance has no name File: C:/Users/david/Downloads/main_Tamillycosta_David/main/main.v Line: 73
Critical Warning (10846): Verilog HDL Instantiation warning at main.v(81): instance has no name File: C:/Users/david/Downloads/main_Tamillycosta_David/main/main.v Line: 81
Critical Warning (10846): Verilog HDL Instantiation warning at main.v(89): instance has no name File: C:/Users/david/Downloads/main_Tamillycosta_David/main/main.v Line: 89
Critical Warning (10846): Verilog HDL Instantiation warning at main.v(97): instance has no name File: C:/Users/david/Downloads/main_Tamillycosta_David/main/main.v Line: 97
Critical Warning (10846): Verilog HDL Instantiation warning at main.v(104): instance has no name File: C:/Users/david/Downloads/main_Tamillycosta_David/main/main.v Line: 104
Critical Warning (10846): Verilog HDL Instantiation warning at main.v(111): instance has no name File: C:/Users/david/Downloads/main_Tamillycosta_David/main/main.v Line: 111
Info (12127): Elaborating entity "main" for the top level hierarchy
Info (12128): Elaborating entity "caixa_agua" for hierarchy "caixa_agua:dut_caixa" File: C:/Users/david/Downloads/main_Tamillycosta_David/main/main.v Line: 20
Info (12128): Elaborating entity "irrigacao" for hierarchy "irrigacao:dut_irrigacao" File: C:/Users/david/Downloads/main_Tamillycosta_David/main/main.v Line: 31
Info (12128): Elaborating entity "display_caixa" for hierarchy "display_caixa:dut_matriz7" File: C:/Users/david/Downloads/main_Tamillycosta_David/main/main.v Line: 49
Info (12128): Elaborating entity "display" for hierarchy "display:dut_matriz_irriga" File: C:/Users/david/Downloads/main_Tamillycosta_David/main/main.v Line: 58
Warning (10034): Output port "A" at display.v(5) has no driver File: C:/Users/david/Downloads/main_Tamillycosta_David/main/display.v Line: 5
Info (12128): Elaborating entity "multiplex" for hierarchy "multiplex:comb_3" File: C:/Users/david/Downloads/main_Tamillycosta_David/main/main.v Line: 66
Info (12128): Elaborating entity "multiplex2" for hierarchy "multiplex2:comb_4" File: C:/Users/david/Downloads/main_Tamillycosta_David/main/main.v Line: 73
Info (12128): Elaborating entity "multiplex3" for hierarchy "multiplex3:comb_5" File: C:/Users/david/Downloads/main_Tamillycosta_David/main/main.v Line: 81
Info (12128): Elaborating entity "multiplex4" for hierarchy "multiplex4:comb_6" File: C:/Users/david/Downloads/main_Tamillycosta_David/main/main.v Line: 89
Info (12128): Elaborating entity "multiplex5" for hierarchy "multiplex5:comb_7" File: C:/Users/david/Downloads/main_Tamillycosta_David/main/main.v Line: 97
Info (12128): Elaborating entity "multiplex6" for hierarchy "multiplex6:comb_8" File: C:/Users/david/Downloads/main_Tamillycosta_David/main/main.v Line: 104
Info (12128): Elaborating entity "multiplex7" for hierarchy "multiplex7:comb_9" File: C:/Users/david/Downloads/main_Tamillycosta_David/main/main.v Line: 111
Warning (13024): Output pins are stuck at VCC or GND
    Warning (13410): Pin "D1" is stuck at VCC File: C:/Users/david/Downloads/main_Tamillycosta_David/main/main.v Line: 9
    Warning (13410): Pin "D2" is stuck at VCC File: C:/Users/david/Downloads/main_Tamillycosta_David/main/main.v Line: 9
    Warning (13410): Pin "D3" is stuck at VCC File: C:/Users/david/Downloads/main_Tamillycosta_David/main/main.v Line: 9
Info (21057): Implemented 36 device resources after synthesis - the final resource count might be different
    Info (21058): Implemented 7 input pins
    Info (21059): Implemented 16 output pins
    Info (21061): Implemented 13 logic cells
Info: Quartus Prime Analysis & Synthesis was successful. 0 errors, 14 warnings
    Info: Peak virtual memory: 4704 megabytes
    Info: Processing ended: Sun Jun 09 13:49:23 2024
    Info: Elapsed time: 00:00:16
    Info: Total CPU time (on all processors): 00:00:24


